Message[305] C:\USERS\JRHOL\ONEDRIVE\DOCUMENTS\UNIVERSITY_OF_NOTTINGHAM\EEE\YEAR_3\EEEE3016_EMBEDDED_COMPUTING\COURSEWORK FILES\TEMPLATES FOR TASKS\20255163\TASK6_A\ECH_SUB.INC 25 : Using default destination of 1 (file).
Warning[203] C:\USERS\JRHOL\ONEDRIVE\DOCUMENTS\UNIVERSITY_OF_NOTTINGHAM\EEE\YEAR_3\EEEE3016_EMBEDDED_COMPUTING\COURSEWORK FILES\TEMPLATES FOR TASKS\20255163\TASK6_A\PROGRAM.ASM 29 : Found opcode in column 1. (return)
Message[302] C:\USERS\JRHOL\ONEDRIVE\DOCUMENTS\UNIVERSITY_OF_NOTTINGHAM\EEE\YEAR_3\EEEE3016_EMBEDDED_COMPUTING\COURSEWORK FILES\TEMPLATES FOR TASKS\20255163\TASK6_A\PROGRAM.ASM 35 : Register in operand not in bank 0.  Ensure that bank bits are correct.
Message[302] C:\USERS\JRHOL\ONEDRIVE\DOCUMENTS\UNIVERSITY_OF_NOTTINGHAM\EEE\YEAR_3\EEEE3016_EMBEDDED_COMPUTING\COURSEWORK FILES\TEMPLATES FOR TASKS\20255163\TASK6_A\PROGRAM.ASM 50 : Register in operand not in bank 0.  Ensure that bank bits are correct.
Message[302] C:\USERS\JRHOL\ONEDRIVE\DOCUMENTS\UNIVERSITY_OF_NOTTINGHAM\EEE\YEAR_3\EEEE3016_EMBEDDED_COMPUTING\COURSEWORK FILES\TEMPLATES FOR TASKS\20255163\TASK6_A\PROGRAM.ASM 79 : Register in operand not in bank 0.  Ensure that bank bits are correct.
Warning[203] C:\USERS\JRHOL\ONEDRIVE\DOCUMENTS\UNIVERSITY_OF_NOTTINGHAM\EEE\YEAR_3\EEEE3016_EMBEDDED_COMPUTING\COURSEWORK FILES\TEMPLATES FOR TASKS\20255163\TASK6_A\PROGRAM.ASM 94 : Found opcode in column 1. (return)
Warning[207] C:\USERS\JRHOL\ONEDRIVE\DOCUMENTS\UNIVERSITY_OF_NOTTINGHAM\EEE\YEAR_3\EEEE3016_EMBEDDED_COMPUTING\COURSEWORK FILES\TEMPLATES FOR TASKS\20255163\TASK6_A\PROGRAM.ASM 106 : Found label after column 1. (PWMLoopDown)
Warning[207] C:\USERS\JRHOL\ONEDRIVE\DOCUMENTS\UNIVERSITY_OF_NOTTINGHAM\EEE\YEAR_3\EEEE3016_EMBEDDED_COMPUTING\COURSEWORK FILES\TEMPLATES FOR TASKS\20255163\TASK6_A\PROGRAM.ASM 128 : Found label after column 1. (PWMLoopUp)
Warning[203] C:\USERS\JRHOL\ONEDRIVE\DOCUMENTS\UNIVERSITY_OF_NOTTINGHAM\EEE\YEAR_3\EEEE3016_EMBEDDED_COMPUTING\COURSEWORK FILES\TEMPLATES FOR TASKS\20255163\TASK6_A\PROGRAM.ASM 144 : Found opcode in column 1. (return)
Message[302] C:\USERS\JRHOL\ONEDRIVE\DOCUMENTS\UNIVERSITY_OF_NOTTINGHAM\EEE\YEAR_3\EEEE3016_EMBEDDED_COMPUTING\COURSEWORK FILES\TEMPLATES FOR TASKS\20255163\TASK6_A\PROGRAM.ASM 154 : Register in operand not in bank 0.  Ensure that bank bits are correct.
Warning[203] C:\USERS\JRHOL\ONEDRIVE\DOCUMENTS\UNIVERSITY_OF_NOTTINGHAM\EEE\YEAR_3\EEEE3016_EMBEDDED_COMPUTING\COURSEWORK FILES\TEMPLATES FOR TASKS\20255163\TASK6_A\PROGRAM.ASM 235 : Found opcode in column 1. (return)
Message[302] C:\USERS\JRHOL\ONEDRIVE\DOCUMENTS\UNIVERSITY_OF_NOTTINGHAM\EEE\YEAR_3\EEEE3016_EMBEDDED_COMPUTING\COURSEWORK FILES\TEMPLATES FOR TASKS\20255163\TASK6_A\PROGRAM.ASM 240 : Register in operand not in bank 0.  Ensure that bank bits are correct.
Warning[203] C:\USERS\JRHOL\ONEDRIVE\DOCUMENTS\UNIVERSITY_OF_NOTTINGHAM\EEE\YEAR_3\EEEE3016_EMBEDDED_COMPUTING\COURSEWORK FILES\TEMPLATES FOR TASKS\20255163\TASK6_A\PROGRAM.ASM 262 : Found opcode in column 1. (return)
Warning[203] C:\USERS\JRHOL\ONEDRIVE\DOCUMENTS\UNIVERSITY_OF_NOTTINGHAM\EEE\YEAR_3\EEEE3016_EMBEDDED_COMPUTING\COURSEWORK FILES\TEMPLATES FOR TASKS\20255163\TASK6_A\PROGRAM.ASM 274 : Found opcode in column 1. (return)
Warning[207] C:\USERS\JRHOL\ONEDRIVE\DOCUMENTS\UNIVERSITY_OF_NOTTINGHAM\EEE\YEAR_3\EEEE3016_EMBEDDED_COMPUTING\COURSEWORK FILES\TEMPLATES FOR TASKS\20255163\TASK6_A\PROGRAM.ASM 286 : Found label after column 1. (ForwardandBack)
Warning[207] C:\USERS\JRHOL\ONEDRIVE\DOCUMENTS\UNIVERSITY_OF_NOTTINGHAM\EEE\YEAR_3\EEEE3016_EMBEDDED_COMPUTING\COURSEWORK FILES\TEMPLATES FOR TASKS\20255163\TASK6_A\PROGRAM.ASM 291 : Found label after column 1. (loop1)
Warning[207] C:\USERS\JRHOL\ONEDRIVE\DOCUMENTS\UNIVERSITY_OF_NOTTINGHAM\EEE\YEAR_3\EEEE3016_EMBEDDED_COMPUTING\COURSEWORK FILES\TEMPLATES FOR TASKS\20255163\TASK6_A\PROGRAM.ASM 327 : Found label after column 1. (loop2)
Warning[207] C:\USERS\JRHOL\ONEDRIVE\DOCUMENTS\UNIVERSITY_OF_NOTTINGHAM\EEE\YEAR_3\EEEE3016_EMBEDDED_COMPUTING\COURSEWORK FILES\TEMPLATES FOR TASKS\20255163\TASK6_A\PROGRAM.ASM 353 : Found label after column 1. (loop2end)
Warning[207] C:\USERS\JRHOL\ONEDRIVE\DOCUMENTS\UNIVERSITY_OF_NOTTINGHAM\EEE\YEAR_3\EEEE3016_EMBEDDED_COMPUTING\COURSEWORK FILES\TEMPLATES FOR TASKS\20255163\TASK6_A\PROGRAM.ASM 367 : Found label after column 1. (ForwardOnly)
Warning[207] C:\USERS\JRHOL\ONEDRIVE\DOCUMENTS\UNIVERSITY_OF_NOTTINGHAM\EEE\YEAR_3\EEEE3016_EMBEDDED_COMPUTING\COURSEWORK FILES\TEMPLATES FOR TASKS\20255163\TASK6_A\PROGRAM.ASM 368 : Found label after column 1. (loop3)
Warning[203] C:\USERS\JRHOL\ONEDRIVE\DOCUMENTS\UNIVERSITY_OF_NOTTINGHAM\EEE\YEAR_3\EEEE3016_EMBEDDED_COMPUTING\COURSEWORK FILES\TEMPLATES FOR TASKS\20255163\TASK6_A\PROGRAM.ASM 445 : Found opcode in column 1. (return)
Warning[203] C:\USERS\JRHOL\ONEDRIVE\DOCUMENTS\UNIVERSITY_OF_NOTTINGHAM\EEE\YEAR_3\EEEE3016_EMBEDDED_COMPUTING\COURSEWORK FILES\TEMPLATES FOR TASKS\20255163\TASK6_A\PROGRAM.ASM 451 : Found opcode in column 1. (return)
Message[302] C:\USERS\JRHOL\ONEDRIVE\DOCUMENTS\UNIVERSITY_OF_NOTTINGHAM\EEE\YEAR_3\EEEE3016_EMBEDDED_COMPUTING\COURSEWORK FILES\TEMPLATES FOR TASKS\20255163\TASK6_A\PROGRAM.ASM 456 : Register in operand not in bank 0.  Ensure that bank bits are correct.
Message[302] C:\USERS\JRHOL\ONEDRIVE\DOCUMENTS\UNIVERSITY_OF_NOTTINGHAM\EEE\YEAR_3\EEEE3016_EMBEDDED_COMPUTING\COURSEWORK FILES\TEMPLATES FOR TASKS\20255163\TASK6_A\ECH_INIT.INC 15 : Register in operand not in bank 0.  Ensure that bank bits are correct.
Message[302] C:\USERS\JRHOL\ONEDRIVE\DOCUMENTS\UNIVERSITY_OF_NOTTINGHAM\EEE\YEAR_3\EEEE3016_EMBEDDED_COMPUTING\COURSEWORK FILES\TEMPLATES FOR TASKS\20255163\TASK6_A\ECH_INIT.INC 17 : Register in operand not in bank 0.  Ensure that bank bits are correct.
Message[302] C:\USERS\JRHOL\ONEDRIVE\DOCUMENTS\UNIVERSITY_OF_NOTTINGHAM\EEE\YEAR_3\EEEE3016_EMBEDDED_COMPUTING\COURSEWORK FILES\TEMPLATES FOR TASKS\20255163\TASK6_A\ECH_INIT.INC 23 : Register in operand not in bank 0.  Ensure that bank bits are correct.
Message[302] C:\USERS\JRHOL\ONEDRIVE\DOCUMENTS\UNIVERSITY_OF_NOTTINGHAM\EEE\YEAR_3\EEEE3016_EMBEDDED_COMPUTING\COURSEWORK FILES\TEMPLATES FOR TASKS\20255163\TASK6_A\ECH_INIT.INC 27 : Register in operand not in bank 0.  Ensure that bank bits are correct.
Message[302] C:\USERS\JRHOL\ONEDRIVE\DOCUMENTS\UNIVERSITY_OF_NOTTINGHAM\EEE\YEAR_3\EEEE3016_EMBEDDED_COMPUTING\COURSEWORK FILES\TEMPLATES FOR TASKS\20255163\TASK6_A\ECH_INIT.INC 31 : Register in operand not in bank 0.  Ensure that bank bits are correct.
Message[302] C:\USERS\JRHOL\ONEDRIVE\DOCUMENTS\UNIVERSITY_OF_NOTTINGHAM\EEE\YEAR_3\EEEE3016_EMBEDDED_COMPUTING\COURSEWORK FILES\TEMPLATES FOR TASKS\20255163\TASK6_A\ECH_INIT.INC 34 : Register in operand not in bank 0.  Ensure that bank bits are correct.
Message[302] C:\USERS\JRHOL\ONEDRIVE\DOCUMENTS\UNIVERSITY_OF_NOTTINGHAM\EEE\YEAR_3\EEEE3016_EMBEDDED_COMPUTING\COURSEWORK FILES\TEMPLATES FOR TASKS\20255163\TASK6_A\ECH_INIT.INC 38 : Register in operand not in bank 0.  Ensure that bank bits are correct.
Message[302] C:\USERS\JRHOL\ONEDRIVE\DOCUMENTS\UNIVERSITY_OF_NOTTINGHAM\EEE\YEAR_3\EEEE3016_EMBEDDED_COMPUTING\COURSEWORK FILES\TEMPLATES FOR TASKS\20255163\TASK6_A\ECH_INIT.INC 41 : Register in operand not in bank 0.  Ensure that bank bits are correct.
Message[302] C:\USERS\JRHOL\ONEDRIVE\DOCUMENTS\UNIVERSITY_OF_NOTTINGHAM\EEE\YEAR_3\EEEE3016_EMBEDDED_COMPUTING\COURSEWORK FILES\TEMPLATES FOR TASKS\20255163\TASK6_A\ECH_INIT.INC 43 : Register in operand not in bank 0.  Ensure that bank bits are correct.
Message[302] C:\USERS\JRHOL\ONEDRIVE\DOCUMENTS\UNIVERSITY_OF_NOTTINGHAM\EEE\YEAR_3\EEEE3016_EMBEDDED_COMPUTING\COURSEWORK FILES\TEMPLATES FOR TASKS\20255163\TASK6_A\ECH_INIT.INC 46 : Register in operand not in bank 0.  Ensure that bank bits are correct.
Warning[205] C:\USERS\JRHOL\ONEDRIVE\DOCUMENTS\UNIVERSITY_OF_NOTTINGHAM\EEE\YEAR_3\EEEE3016_EMBEDDED_COMPUTING\COURSEWORK FILES\TEMPLATES FOR TASKS\20255163\TASK6_A\PROGRAM.ASM 550 : Found directive in column 1. (banksel)
Warning[203] C:\USERS\JRHOL\ONEDRIVE\DOCUMENTS\UNIVERSITY_OF_NOTTINGHAM\EEE\YEAR_3\EEEE3016_EMBEDDED_COMPUTING\COURSEWORK FILES\TEMPLATES FOR TASKS\20255163\TASK6_A\PROGRAM.ASM 551 : Found opcode in column 1. (movlw)
Warning[203] C:\USERS\JRHOL\ONEDRIVE\DOCUMENTS\UNIVERSITY_OF_NOTTINGHAM\EEE\YEAR_3\EEEE3016_EMBEDDED_COMPUTING\COURSEWORK FILES\TEMPLATES FOR TASKS\20255163\TASK6_A\PROGRAM.ASM 552 : Found opcode in column 1. (movwf)
Message[302] C:\USERS\JRHOL\ONEDRIVE\DOCUMENTS\UNIVERSITY_OF_NOTTINGHAM\EEE\YEAR_3\EEEE3016_EMBEDDED_COMPUTING\COURSEWORK FILES\TEMPLATES FOR TASKS\20255163\TASK6_A\PROGRAM.ASM 552 : Register in operand not in bank 0.  Ensure that bank bits are correct.
Warning[205] C:\USERS\JRHOL\ONEDRIVE\DOCUMENTS\UNIVERSITY_OF_NOTTINGHAM\EEE\YEAR_3\EEEE3016_EMBEDDED_COMPUTING\COURSEWORK FILES\TEMPLATES FOR TASKS\20255163\TASK6_A\PROGRAM.ASM 555 : Found directive in column 1. (banksel)
Warning[203] C:\USERS\JRHOL\ONEDRIVE\DOCUMENTS\UNIVERSITY_OF_NOTTINGHAM\EEE\YEAR_3\EEEE3016_EMBEDDED_COMPUTING\COURSEWORK FILES\TEMPLATES FOR TASKS\20255163\TASK6_A\PROGRAM.ASM 556 : Found opcode in column 1. (bsf)
Message[302] C:\USERS\JRHOL\ONEDRIVE\DOCUMENTS\UNIVERSITY_OF_NOTTINGHAM\EEE\YEAR_3\EEEE3016_EMBEDDED_COMPUTING\COURSEWORK FILES\TEMPLATES FOR TASKS\20255163\TASK6_A\PROGRAM.ASM 556 : Register in operand not in bank 0.  Ensure that bank bits are correct.
Warning[205] C:\USERS\JRHOL\ONEDRIVE\DOCUMENTS\UNIVERSITY_OF_NOTTINGHAM\EEE\YEAR_3\EEEE3016_EMBEDDED_COMPUTING\COURSEWORK FILES\TEMPLATES FOR TASKS\20255163\TASK6_A\PROGRAM.ASM 558 : Found directive in column 1. (banksel)
Warning[203] C:\USERS\JRHOL\ONEDRIVE\DOCUMENTS\UNIVERSITY_OF_NOTTINGHAM\EEE\YEAR_3\EEEE3016_EMBEDDED_COMPUTING\COURSEWORK FILES\TEMPLATES FOR TASKS\20255163\TASK6_A\PROGRAM.ASM 559 : Found opcode in column 1. (bsf)
Message[302] C:\USERS\JRHOL\ONEDRIVE\DOCUMENTS\UNIVERSITY_OF_NOTTINGHAM\EEE\YEAR_3\EEEE3016_EMBEDDED_COMPUTING\COURSEWORK FILES\TEMPLATES FOR TASKS\20255163\TASK6_A\PROGRAM.ASM 559 : Register in operand not in bank 0.  Ensure that bank bits are correct.
Warning[205] C:\USERS\JRHOL\ONEDRIVE\DOCUMENTS\UNIVERSITY_OF_NOTTINGHAM\EEE\YEAR_3\EEEE3016_EMBEDDED_COMPUTING\COURSEWORK FILES\TEMPLATES FOR TASKS\20255163\TASK6_A\PROGRAM.ASM 561 : Found directive in column 1. (banksel)
Warning[203] C:\USERS\JRHOL\ONEDRIVE\DOCUMENTS\UNIVERSITY_OF_NOTTINGHAM\EEE\YEAR_3\EEEE3016_EMBEDDED_COMPUTING\COURSEWORK FILES\TEMPLATES FOR TASKS\20255163\TASK6_A\PROGRAM.ASM 562 : Found opcode in column 1. (bsf)
Warning[203] C:\USERS\JRHOL\ONEDRIVE\DOCUMENTS\UNIVERSITY_OF_NOTTINGHAM\EEE\YEAR_3\EEEE3016_EMBEDDED_COMPUTING\COURSEWORK FILES\TEMPLATES FOR TASKS\20255163\TASK6_A\PROGRAM.ASM 563 : Found opcode in column 1. (bsf)
Warning[205] C:\USERS\JRHOL\ONEDRIVE\DOCUMENTS\UNIVERSITY_OF_NOTTINGHAM\EEE\YEAR_3\EEEE3016_EMBEDDED_COMPUTING\COURSEWORK FILES\TEMPLATES FOR TASKS\20255163\TASK6_A\PROGRAM.ASM 566 : Found directive in column 1. (banksel)
Warning[203] C:\USERS\JRHOL\ONEDRIVE\DOCUMENTS\UNIVERSITY_OF_NOTTINGHAM\EEE\YEAR_3\EEEE3016_EMBEDDED_COMPUTING\COURSEWORK FILES\TEMPLATES FOR TASKS\20255163\TASK6_A\PROGRAM.ASM 568 : Found opcode in column 1. (movlw)
Warning[203] C:\USERS\JRHOL\ONEDRIVE\DOCUMENTS\UNIVERSITY_OF_NOTTINGHAM\EEE\YEAR_3\EEEE3016_EMBEDDED_COMPUTING\COURSEWORK FILES\TEMPLATES FOR TASKS\20255163\TASK6_A\PROGRAM.ASM 569 : Found opcode in column 1. (movwf)
Message[302] C:\USERS\JRHOL\ONEDRIVE\DOCUMENTS\UNIVERSITY_OF_NOTTINGHAM\EEE\YEAR_3\EEEE3016_EMBEDDED_COMPUTING\COURSEWORK FILES\TEMPLATES FOR TASKS\20255163\TASK6_A\PROGRAM.ASM 569 : Register in operand not in bank 0.  Ensure that bank bits are correct.
Warning[205] C:\USERS\JRHOL\ONEDRIVE\DOCUMENTS\UNIVERSITY_OF_NOTTINGHAM\EEE\YEAR_3\EEEE3016_EMBEDDED_COMPUTING\COURSEWORK FILES\TEMPLATES FOR TASKS\20255163\TASK6_A\PROGRAM.ASM 571 : Found directive in column 1. (banksel)
Warning[203] C:\USERS\JRHOL\ONEDRIVE\DOCUMENTS\UNIVERSITY_OF_NOTTINGHAM\EEE\YEAR_3\EEEE3016_EMBEDDED_COMPUTING\COURSEWORK FILES\TEMPLATES FOR TASKS\20255163\TASK6_A\PROGRAM.ASM 572 : Found opcode in column 1. (bsf)
Message[302] C:\USERS\JRHOL\ONEDRIVE\DOCUMENTS\UNIVERSITY_OF_NOTTINGHAM\EEE\YEAR_3\EEEE3016_EMBEDDED_COMPUTING\COURSEWORK FILES\TEMPLATES FOR TASKS\20255163\TASK6_A\PROGRAM.ASM 572 : Register in operand not in bank 0.  Ensure that bank bits are correct.
Warning[205] C:\USERS\JRHOL\ONEDRIVE\DOCUMENTS\UNIVERSITY_OF_NOTTINGHAM\EEE\YEAR_3\EEEE3016_EMBEDDED_COMPUTING\COURSEWORK FILES\TEMPLATES FOR TASKS\20255163\TASK6_A\PROGRAM.ASM 574 : Found directive in column 1. (banksel)
Warning[203] C:\USERS\JRHOL\ONEDRIVE\DOCUMENTS\UNIVERSITY_OF_NOTTINGHAM\EEE\YEAR_3\EEEE3016_EMBEDDED_COMPUTING\COURSEWORK FILES\TEMPLATES FOR TASKS\20255163\TASK6_A\PROGRAM.ASM 575 : Found opcode in column 1. (bsf)
Message[302] C:\USERS\JRHOL\ONEDRIVE\DOCUMENTS\UNIVERSITY_OF_NOTTINGHAM\EEE\YEAR_3\EEEE3016_EMBEDDED_COMPUTING\COURSEWORK FILES\TEMPLATES FOR TASKS\20255163\TASK6_A\PROGRAM.ASM 575 : Register in operand not in bank 0.  Ensure that bank bits are correct.
Warning[205] C:\USERS\JRHOL\ONEDRIVE\DOCUMENTS\UNIVERSITY_OF_NOTTINGHAM\EEE\YEAR_3\EEEE3016_EMBEDDED_COMPUTING\COURSEWORK FILES\TEMPLATES FOR TASKS\20255163\TASK6_A\PROGRAM.ASM 577 : Found directive in column 1. (banksel)
Warning[203] C:\USERS\JRHOL\ONEDRIVE\DOCUMENTS\UNIVERSITY_OF_NOTTINGHAM\EEE\YEAR_3\EEEE3016_EMBEDDED_COMPUTING\COURSEWORK FILES\TEMPLATES FOR TASKS\20255163\TASK6_A\PROGRAM.ASM 578 : Found opcode in column 1. (movlw)
Warning[203] C:\USERS\JRHOL\ONEDRIVE\DOCUMENTS\UNIVERSITY_OF_NOTTINGHAM\EEE\YEAR_3\EEEE3016_EMBEDDED_COMPUTING\COURSEWORK FILES\TEMPLATES FOR TASKS\20255163\TASK6_A\PROGRAM.ASM 579 : Found opcode in column 1. (movwf)
Warning[203] C:\USERS\JRHOL\ONEDRIVE\DOCUMENTS\UNIVERSITY_OF_NOTTINGHAM\EEE\YEAR_3\EEEE3016_EMBEDDED_COMPUTING\COURSEWORK FILES\TEMPLATES FOR TASKS\20255163\TASK6_A\PROGRAM.ASM 581 : Found opcode in column 1. (Call)
Warning[203] C:\USERS\JRHOL\ONEDRIVE\DOCUMENTS\UNIVERSITY_OF_NOTTINGHAM\EEE\YEAR_3\EEEE3016_EMBEDDED_COMPUTING\COURSEWORK FILES\TEMPLATES FOR TASKS\20255163\TASK6_A\PROGRAM.ASM 634 : Found opcode in column 1. (bsf)
Warning[203] C:\USERS\JRHOL\ONEDRIVE\DOCUMENTS\UNIVERSITY_OF_NOTTINGHAM\EEE\YEAR_3\EEEE3016_EMBEDDED_COMPUTING\COURSEWORK FILES\TEMPLATES FOR TASKS\20255163\TASK6_A\PROGRAM.ASM 635 : Found opcode in column 1. (btfsc)
Warning[203] C:\USERS\JRHOL\ONEDRIVE\DOCUMENTS\UNIVERSITY_OF_NOTTINGHAM\EEE\YEAR_3\EEEE3016_EMBEDDED_COMPUTING\COURSEWORK FILES\TEMPLATES FOR TASKS\20255163\TASK6_A\PROGRAM.ASM 636 : Found opcode in column 1. (goto)
Warning[204] C:\USERS\JRHOL\ONEDRIVE\DOCUMENTS\UNIVERSITY_OF_NOTTINGHAM\EEE\YEAR_3\EEEE3016_EMBEDDED_COMPUTING\COURSEWORK FILES\TEMPLATES FOR TASKS\20255163\TASK6_A\PROGRAM.ASM 637 : Found pseudo-op in column 1. (movfw)
Warning[203] C:\USERS\JRHOL\ONEDRIVE\DOCUMENTS\UNIVERSITY_OF_NOTTINGHAM\EEE\YEAR_3\EEEE3016_EMBEDDED_COMPUTING\COURSEWORK FILES\TEMPLATES FOR TASKS\20255163\TASK6_A\PROGRAM.ASM 639 : Found opcode in column 1. (andlw)
Warning[203] C:\USERS\JRHOL\ONEDRIVE\DOCUMENTS\UNIVERSITY_OF_NOTTINGHAM\EEE\YEAR_3\EEEE3016_EMBEDDED_COMPUTING\COURSEWORK FILES\TEMPLATES FOR TASKS\20255163\TASK6_A\PROGRAM.ASM 640 : Found opcode in column 1. (movwf)
Warning[207] C:\USERS\JRHOL\ONEDRIVE\DOCUMENTS\UNIVERSITY_OF_NOTTINGHAM\EEE\YEAR_3\EEEE3016_EMBEDDED_COMPUTING\COURSEWORK FILES\TEMPLATES FOR TASKS\20255163\TASK6_A\PROGRAM.ASM 652 : Found label after column 1. (check_two)
Warning[207] C:\USERS\JRHOL\ONEDRIVE\DOCUMENTS\UNIVERSITY_OF_NOTTINGHAM\EEE\YEAR_3\EEEE3016_EMBEDDED_COMPUTING\COURSEWORK FILES\TEMPLATES FOR TASKS\20255163\TASK6_A\PROGRAM.ASM 663 : Found label after column 1. (check_three)
Warning[205] C:\USERS\JRHOL\ONEDRIVE\DOCUMENTS\UNIVERSITY_OF_NOTTINGHAM\EEE\YEAR_3\EEEE3016_EMBEDDED_COMPUTING\COURSEWORK FILES\TEMPLATES FOR TASKS\20255163\TASK6_A\PROGRAM.ASM 678 : Found directive in column 1. (end)
