Message[305] C:\USERS\JRHOL\ONEDRIVE\DOCUMENTS\UNIVERSITY_OF_NOTTINGHAM\EEE\YEAR_3\EEEE3016_EMBEDDED_COMPUTING\COURSEWORK FILES\TEMPLATES FOR TASKS\20255163\TASK6_A\ECH_SUB.INC 25 : Using default destination of 1 (file).
Warning[203] C:\USERS\JRHOL\ONEDRIVE\DOCUMENTS\UNIVERSITY_OF_NOTTINGHAM\EEE\YEAR_3\EEEE3016_EMBEDDED_COMPUTING\COURSEWORK FILES\TEMPLATES FOR TASKS\20255163\TASK6_A\PROGRAM.ASM 29 : Found opcode in column 1. (return)
Message[302] C:\USERS\JRHOL\ONEDRIVE\DOCUMENTS\UNIVERSITY_OF_NOTTINGHAM\EEE\YEAR_3\EEEE3016_EMBEDDED_COMPUTING\COURSEWORK FILES\TEMPLATES FOR TASKS\20255163\TASK6_A\PROGRAM.ASM 38 : Register in operand not in bank 0.  Ensure that bank bits are correct.
Message[302] C:\USERS\JRHOL\ONEDRIVE\DOCUMENTS\UNIVERSITY_OF_NOTTINGHAM\EEE\YEAR_3\EEEE3016_EMBEDDED_COMPUTING\COURSEWORK FILES\TEMPLATES FOR TASKS\20255163\TASK6_A\PROGRAM.ASM 53 : Register in operand not in bank 0.  Ensure that bank bits are correct.
Message[302] C:\USERS\JRHOL\ONEDRIVE\DOCUMENTS\UNIVERSITY_OF_NOTTINGHAM\EEE\YEAR_3\EEEE3016_EMBEDDED_COMPUTING\COURSEWORK FILES\TEMPLATES FOR TASKS\20255163\TASK6_A\PROGRAM.ASM 82 : Register in operand not in bank 0.  Ensure that bank bits are correct.
Warning[203] C:\USERS\JRHOL\ONEDRIVE\DOCUMENTS\UNIVERSITY_OF_NOTTINGHAM\EEE\YEAR_3\EEEE3016_EMBEDDED_COMPUTING\COURSEWORK FILES\TEMPLATES FOR TASKS\20255163\TASK6_A\PROGRAM.ASM 97 : Found opcode in column 1. (return)
Warning[207] C:\USERS\JRHOL\ONEDRIVE\DOCUMENTS\UNIVERSITY_OF_NOTTINGHAM\EEE\YEAR_3\EEEE3016_EMBEDDED_COMPUTING\COURSEWORK FILES\TEMPLATES FOR TASKS\20255163\TASK6_A\PROGRAM.ASM 109 : Found label after column 1. (PWMLoopDown)
Warning[207] C:\USERS\JRHOL\ONEDRIVE\DOCUMENTS\UNIVERSITY_OF_NOTTINGHAM\EEE\YEAR_3\EEEE3016_EMBEDDED_COMPUTING\COURSEWORK FILES\TEMPLATES FOR TASKS\20255163\TASK6_A\PROGRAM.ASM 131 : Found label after column 1. (PWMLoopUp)
Warning[203] C:\USERS\JRHOL\ONEDRIVE\DOCUMENTS\UNIVERSITY_OF_NOTTINGHAM\EEE\YEAR_3\EEEE3016_EMBEDDED_COMPUTING\COURSEWORK FILES\TEMPLATES FOR TASKS\20255163\TASK6_A\PROGRAM.ASM 147 : Found opcode in column 1. (return)
Message[302] C:\USERS\JRHOL\ONEDRIVE\DOCUMENTS\UNIVERSITY_OF_NOTTINGHAM\EEE\YEAR_3\EEEE3016_EMBEDDED_COMPUTING\COURSEWORK FILES\TEMPLATES FOR TASKS\20255163\TASK6_A\PROGRAM.ASM 157 : Register in operand not in bank 0.  Ensure that bank bits are correct.
Warning[203] C:\USERS\JRHOL\ONEDRIVE\DOCUMENTS\UNIVERSITY_OF_NOTTINGHAM\EEE\YEAR_3\EEEE3016_EMBEDDED_COMPUTING\COURSEWORK FILES\TEMPLATES FOR TASKS\20255163\TASK6_A\PROGRAM.ASM 238 : Found opcode in column 1. (return)
Message[302] C:\USERS\JRHOL\ONEDRIVE\DOCUMENTS\UNIVERSITY_OF_NOTTINGHAM\EEE\YEAR_3\EEEE3016_EMBEDDED_COMPUTING\COURSEWORK FILES\TEMPLATES FOR TASKS\20255163\TASK6_A\PROGRAM.ASM 243 : Register in operand not in bank 0.  Ensure that bank bits are correct.
Warning[203] C:\USERS\JRHOL\ONEDRIVE\DOCUMENTS\UNIVERSITY_OF_NOTTINGHAM\EEE\YEAR_3\EEEE3016_EMBEDDED_COMPUTING\COURSEWORK FILES\TEMPLATES FOR TASKS\20255163\TASK6_A\PROGRAM.ASM 265 : Found opcode in column 1. (return)
Warning[207] C:\USERS\JRHOL\ONEDRIVE\DOCUMENTS\UNIVERSITY_OF_NOTTINGHAM\EEE\YEAR_3\EEEE3016_EMBEDDED_COMPUTING\COURSEWORK FILES\TEMPLATES FOR TASKS\20255163\TASK6_A\PROGRAM.ASM 280 : Found label after column 1. (ForwardandBack)
Warning[207] C:\USERS\JRHOL\ONEDRIVE\DOCUMENTS\UNIVERSITY_OF_NOTTINGHAM\EEE\YEAR_3\EEEE3016_EMBEDDED_COMPUTING\COURSEWORK FILES\TEMPLATES FOR TASKS\20255163\TASK6_A\PROGRAM.ASM 287 : Found label after column 1. (loop1)
Warning[207] C:\USERS\JRHOL\ONEDRIVE\DOCUMENTS\UNIVERSITY_OF_NOTTINGHAM\EEE\YEAR_3\EEEE3016_EMBEDDED_COMPUTING\COURSEWORK FILES\TEMPLATES FOR TASKS\20255163\TASK6_A\PROGRAM.ASM 318 : Found label after column 1. (loop2)
Warning[207] C:\USERS\JRHOL\ONEDRIVE\DOCUMENTS\UNIVERSITY_OF_NOTTINGHAM\EEE\YEAR_3\EEEE3016_EMBEDDED_COMPUTING\COURSEWORK FILES\TEMPLATES FOR TASKS\20255163\TASK6_A\PROGRAM.ASM 357 : Found label after column 1. (ForwardOnly)
Warning[207] C:\USERS\JRHOL\ONEDRIVE\DOCUMENTS\UNIVERSITY_OF_NOTTINGHAM\EEE\YEAR_3\EEEE3016_EMBEDDED_COMPUTING\COURSEWORK FILES\TEMPLATES FOR TASKS\20255163\TASK6_A\PROGRAM.ASM 360 : Found label after column 1. (loop3)
Warning[203] C:\USERS\JRHOL\ONEDRIVE\DOCUMENTS\UNIVERSITY_OF_NOTTINGHAM\EEE\YEAR_3\EEEE3016_EMBEDDED_COMPUTING\COURSEWORK FILES\TEMPLATES FOR TASKS\20255163\TASK6_A\PROGRAM.ASM 431 : Found opcode in column 1. (return)
Warning[203] C:\USERS\JRHOL\ONEDRIVE\DOCUMENTS\UNIVERSITY_OF_NOTTINGHAM\EEE\YEAR_3\EEEE3016_EMBEDDED_COMPUTING\COURSEWORK FILES\TEMPLATES FOR TASKS\20255163\TASK6_A\PROGRAM.ASM 437 : Found opcode in column 1. (return)
Message[302] C:\USERS\JRHOL\ONEDRIVE\DOCUMENTS\UNIVERSITY_OF_NOTTINGHAM\EEE\YEAR_3\EEEE3016_EMBEDDED_COMPUTING\COURSEWORK FILES\TEMPLATES FOR TASKS\20255163\TASK6_A\PROGRAM.ASM 442 : Register in operand not in bank 0.  Ensure that bank bits are correct.
Message[302] C:\USERS\JRHOL\ONEDRIVE\DOCUMENTS\UNIVERSITY_OF_NOTTINGHAM\EEE\YEAR_3\EEEE3016_EMBEDDED_COMPUTING\COURSEWORK FILES\TEMPLATES FOR TASKS\20255163\TASK6_A\ECH_INIT.INC 15 : Register in operand not in bank 0.  Ensure that bank bits are correct.
Message[302] C:\USERS\JRHOL\ONEDRIVE\DOCUMENTS\UNIVERSITY_OF_NOTTINGHAM\EEE\YEAR_3\EEEE3016_EMBEDDED_COMPUTING\COURSEWORK FILES\TEMPLATES FOR TASKS\20255163\TASK6_A\ECH_INIT.INC 17 : Register in operand not in bank 0.  Ensure that bank bits are correct.
Message[302] C:\USERS\JRHOL\ONEDRIVE\DOCUMENTS\UNIVERSITY_OF_NOTTINGHAM\EEE\YEAR_3\EEEE3016_EMBEDDED_COMPUTING\COURSEWORK FILES\TEMPLATES FOR TASKS\20255163\TASK6_A\ECH_INIT.INC 23 : Register in operand not in bank 0.  Ensure that bank bits are correct.
Message[302] C:\USERS\JRHOL\ONEDRIVE\DOCUMENTS\UNIVERSITY_OF_NOTTINGHAM\EEE\YEAR_3\EEEE3016_EMBEDDED_COMPUTING\COURSEWORK FILES\TEMPLATES FOR TASKS\20255163\TASK6_A\ECH_INIT.INC 27 : Register in operand not in bank 0.  Ensure that bank bits are correct.
Message[302] C:\USERS\JRHOL\ONEDRIVE\DOCUMENTS\UNIVERSITY_OF_NOTTINGHAM\EEE\YEAR_3\EEEE3016_EMBEDDED_COMPUTING\COURSEWORK FILES\TEMPLATES FOR TASKS\20255163\TASK6_A\ECH_INIT.INC 31 : Register in operand not in bank 0.  Ensure that bank bits are correct.
Message[302] C:\USERS\JRHOL\ONEDRIVE\DOCUMENTS\UNIVERSITY_OF_NOTTINGHAM\EEE\YEAR_3\EEEE3016_EMBEDDED_COMPUTING\COURSEWORK FILES\TEMPLATES FOR TASKS\20255163\TASK6_A\ECH_INIT.INC 34 : Register in operand not in bank 0.  Ensure that bank bits are correct.
Message[302] C:\USERS\JRHOL\ONEDRIVE\DOCUMENTS\UNIVERSITY_OF_NOTTINGHAM\EEE\YEAR_3\EEEE3016_EMBEDDED_COMPUTING\COURSEWORK FILES\TEMPLATES FOR TASKS\20255163\TASK6_A\ECH_INIT.INC 38 : Register in operand not in bank 0.  Ensure that bank bits are correct.
Message[302] C:\USERS\JRHOL\ONEDRIVE\DOCUMENTS\UNIVERSITY_OF_NOTTINGHAM\EEE\YEAR_3\EEEE3016_EMBEDDED_COMPUTING\COURSEWORK FILES\TEMPLATES FOR TASKS\20255163\TASK6_A\ECH_INIT.INC 41 : Register in operand not in bank 0.  Ensure that bank bits are correct.
Message[302] C:\USERS\JRHOL\ONEDRIVE\DOCUMENTS\UNIVERSITY_OF_NOTTINGHAM\EEE\YEAR_3\EEEE3016_EMBEDDED_COMPUTING\COURSEWORK FILES\TEMPLATES FOR TASKS\20255163\TASK6_A\ECH_INIT.INC 43 : Register in operand not in bank 0.  Ensure that bank bits are correct.
Message[302] C:\USERS\JRHOL\ONEDRIVE\DOCUMENTS\UNIVERSITY_OF_NOTTINGHAM\EEE\YEAR_3\EEEE3016_EMBEDDED_COMPUTING\COURSEWORK FILES\TEMPLATES FOR TASKS\20255163\TASK6_A\ECH_INIT.INC 46 : Register in operand not in bank 0.  Ensure that bank bits are correct.
Warning[205] C:\USERS\JRHOL\ONEDRIVE\DOCUMENTS\UNIVERSITY_OF_NOTTINGHAM\EEE\YEAR_3\EEEE3016_EMBEDDED_COMPUTING\COURSEWORK FILES\TEMPLATES FOR TASKS\20255163\TASK6_A\PROGRAM.ASM 536 : Found directive in column 1. (banksel)
Warning[203] C:\USERS\JRHOL\ONEDRIVE\DOCUMENTS\UNIVERSITY_OF_NOTTINGHAM\EEE\YEAR_3\EEEE3016_EMBEDDED_COMPUTING\COURSEWORK FILES\TEMPLATES FOR TASKS\20255163\TASK6_A\PROGRAM.ASM 537 : Found opcode in column 1. (movlw)
Warning[203] C:\USERS\JRHOL\ONEDRIVE\DOCUMENTS\UNIVERSITY_OF_NOTTINGHAM\EEE\YEAR_3\EEEE3016_EMBEDDED_COMPUTING\COURSEWORK FILES\TEMPLATES FOR TASKS\20255163\TASK6_A\PROGRAM.ASM 538 : Found opcode in column 1. (movwf)
Message[302] C:\USERS\JRHOL\ONEDRIVE\DOCUMENTS\UNIVERSITY_OF_NOTTINGHAM\EEE\YEAR_3\EEEE3016_EMBEDDED_COMPUTING\COURSEWORK FILES\TEMPLATES FOR TASKS\20255163\TASK6_A\PROGRAM.ASM 538 : Register in operand not in bank 0.  Ensure that bank bits are correct.
Warning[205] C:\USERS\JRHOL\ONEDRIVE\DOCUMENTS\UNIVERSITY_OF_NOTTINGHAM\EEE\YEAR_3\EEEE3016_EMBEDDED_COMPUTING\COURSEWORK FILES\TEMPLATES FOR TASKS\20255163\TASK6_A\PROGRAM.ASM 541 : Found directive in column 1. (banksel)
Warning[203] C:\USERS\JRHOL\ONEDRIVE\DOCUMENTS\UNIVERSITY_OF_NOTTINGHAM\EEE\YEAR_3\EEEE3016_EMBEDDED_COMPUTING\COURSEWORK FILES\TEMPLATES FOR TASKS\20255163\TASK6_A\PROGRAM.ASM 542 : Found opcode in column 1. (bsf)
Message[302] C:\USERS\JRHOL\ONEDRIVE\DOCUMENTS\UNIVERSITY_OF_NOTTINGHAM\EEE\YEAR_3\EEEE3016_EMBEDDED_COMPUTING\COURSEWORK FILES\TEMPLATES FOR TASKS\20255163\TASK6_A\PROGRAM.ASM 542 : Register in operand not in bank 0.  Ensure that bank bits are correct.
Warning[205] C:\USERS\JRHOL\ONEDRIVE\DOCUMENTS\UNIVERSITY_OF_NOTTINGHAM\EEE\YEAR_3\EEEE3016_EMBEDDED_COMPUTING\COURSEWORK FILES\TEMPLATES FOR TASKS\20255163\TASK6_A\PROGRAM.ASM 544 : Found directive in column 1. (banksel)
Warning[203] C:\USERS\JRHOL\ONEDRIVE\DOCUMENTS\UNIVERSITY_OF_NOTTINGHAM\EEE\YEAR_3\EEEE3016_EMBEDDED_COMPUTING\COURSEWORK FILES\TEMPLATES FOR TASKS\20255163\TASK6_A\PROGRAM.ASM 545 : Found opcode in column 1. (bsf)
Message[302] C:\USERS\JRHOL\ONEDRIVE\DOCUMENTS\UNIVERSITY_OF_NOTTINGHAM\EEE\YEAR_3\EEEE3016_EMBEDDED_COMPUTING\COURSEWORK FILES\TEMPLATES FOR TASKS\20255163\TASK6_A\PROGRAM.ASM 545 : Register in operand not in bank 0.  Ensure that bank bits are correct.
Warning[205] C:\USERS\JRHOL\ONEDRIVE\DOCUMENTS\UNIVERSITY_OF_NOTTINGHAM\EEE\YEAR_3\EEEE3016_EMBEDDED_COMPUTING\COURSEWORK FILES\TEMPLATES FOR TASKS\20255163\TASK6_A\PROGRAM.ASM 547 : Found directive in column 1. (banksel)
Warning[203] C:\USERS\JRHOL\ONEDRIVE\DOCUMENTS\UNIVERSITY_OF_NOTTINGHAM\EEE\YEAR_3\EEEE3016_EMBEDDED_COMPUTING\COURSEWORK FILES\TEMPLATES FOR TASKS\20255163\TASK6_A\PROGRAM.ASM 548 : Found opcode in column 1. (bsf)
Warning[203] C:\USERS\JRHOL\ONEDRIVE\DOCUMENTS\UNIVERSITY_OF_NOTTINGHAM\EEE\YEAR_3\EEEE3016_EMBEDDED_COMPUTING\COURSEWORK FILES\TEMPLATES FOR TASKS\20255163\TASK6_A\PROGRAM.ASM 549 : Found opcode in column 1. (bsf)
Warning[205] C:\USERS\JRHOL\ONEDRIVE\DOCUMENTS\UNIVERSITY_OF_NOTTINGHAM\EEE\YEAR_3\EEEE3016_EMBEDDED_COMPUTING\COURSEWORK FILES\TEMPLATES FOR TASKS\20255163\TASK6_A\PROGRAM.ASM 552 : Found directive in column 1. (banksel)
Warning[203] C:\USERS\JRHOL\ONEDRIVE\DOCUMENTS\UNIVERSITY_OF_NOTTINGHAM\EEE\YEAR_3\EEEE3016_EMBEDDED_COMPUTING\COURSEWORK FILES\TEMPLATES FOR TASKS\20255163\TASK6_A\PROGRAM.ASM 554 : Found opcode in column 1. (movlw)
Warning[203] C:\USERS\JRHOL\ONEDRIVE\DOCUMENTS\UNIVERSITY_OF_NOTTINGHAM\EEE\YEAR_3\EEEE3016_EMBEDDED_COMPUTING\COURSEWORK FILES\TEMPLATES FOR TASKS\20255163\TASK6_A\PROGRAM.ASM 555 : Found opcode in column 1. (movwf)
Message[302] C:\USERS\JRHOL\ONEDRIVE\DOCUMENTS\UNIVERSITY_OF_NOTTINGHAM\EEE\YEAR_3\EEEE3016_EMBEDDED_COMPUTING\COURSEWORK FILES\TEMPLATES FOR TASKS\20255163\TASK6_A\PROGRAM.ASM 555 : Register in operand not in bank 0.  Ensure that bank bits are correct.
Warning[205] C:\USERS\JRHOL\ONEDRIVE\DOCUMENTS\UNIVERSITY_OF_NOTTINGHAM\EEE\YEAR_3\EEEE3016_EMBEDDED_COMPUTING\COURSEWORK FILES\TEMPLATES FOR TASKS\20255163\TASK6_A\PROGRAM.ASM 557 : Found directive in column 1. (banksel)
Warning[203] C:\USERS\JRHOL\ONEDRIVE\DOCUMENTS\UNIVERSITY_OF_NOTTINGHAM\EEE\YEAR_3\EEEE3016_EMBEDDED_COMPUTING\COURSEWORK FILES\TEMPLATES FOR TASKS\20255163\TASK6_A\PROGRAM.ASM 558 : Found opcode in column 1. (bsf)
Message[302] C:\USERS\JRHOL\ONEDRIVE\DOCUMENTS\UNIVERSITY_OF_NOTTINGHAM\EEE\YEAR_3\EEEE3016_EMBEDDED_COMPUTING\COURSEWORK FILES\TEMPLATES FOR TASKS\20255163\TASK6_A\PROGRAM.ASM 558 : Register in operand not in bank 0.  Ensure that bank bits are correct.
Warning[205] C:\USERS\JRHOL\ONEDRIVE\DOCUMENTS\UNIVERSITY_OF_NOTTINGHAM\EEE\YEAR_3\EEEE3016_EMBEDDED_COMPUTING\COURSEWORK FILES\TEMPLATES FOR TASKS\20255163\TASK6_A\PROGRAM.ASM 560 : Found directive in column 1. (banksel)
Warning[203] C:\USERS\JRHOL\ONEDRIVE\DOCUMENTS\UNIVERSITY_OF_NOTTINGHAM\EEE\YEAR_3\EEEE3016_EMBEDDED_COMPUTING\COURSEWORK FILES\TEMPLATES FOR TASKS\20255163\TASK6_A\PROGRAM.ASM 561 : Found opcode in column 1. (bsf)
Message[302] C:\USERS\JRHOL\ONEDRIVE\DOCUMENTS\UNIVERSITY_OF_NOTTINGHAM\EEE\YEAR_3\EEEE3016_EMBEDDED_COMPUTING\COURSEWORK FILES\TEMPLATES FOR TASKS\20255163\TASK6_A\PROGRAM.ASM 561 : Register in operand not in bank 0.  Ensure that bank bits are correct.
Warning[205] C:\USERS\JRHOL\ONEDRIVE\DOCUMENTS\UNIVERSITY_OF_NOTTINGHAM\EEE\YEAR_3\EEEE3016_EMBEDDED_COMPUTING\COURSEWORK FILES\TEMPLATES FOR TASKS\20255163\TASK6_A\PROGRAM.ASM 563 : Found directive in column 1. (banksel)
Warning[203] C:\USERS\JRHOL\ONEDRIVE\DOCUMENTS\UNIVERSITY_OF_NOTTINGHAM\EEE\YEAR_3\EEEE3016_EMBEDDED_COMPUTING\COURSEWORK FILES\TEMPLATES FOR TASKS\20255163\TASK6_A\PROGRAM.ASM 564 : Found opcode in column 1. (movlw)
Warning[203] C:\USERS\JRHOL\ONEDRIVE\DOCUMENTS\UNIVERSITY_OF_NOTTINGHAM\EEE\YEAR_3\EEEE3016_EMBEDDED_COMPUTING\COURSEWORK FILES\TEMPLATES FOR TASKS\20255163\TASK6_A\PROGRAM.ASM 565 : Found opcode in column 1. (movwf)
Warning[203] C:\USERS\JRHOL\ONEDRIVE\DOCUMENTS\UNIVERSITY_OF_NOTTINGHAM\EEE\YEAR_3\EEEE3016_EMBEDDED_COMPUTING\COURSEWORK FILES\TEMPLATES FOR TASKS\20255163\TASK6_A\PROGRAM.ASM 567 : Found opcode in column 1. (Call)
Warning[203] C:\USERS\JRHOL\ONEDRIVE\DOCUMENTS\UNIVERSITY_OF_NOTTINGHAM\EEE\YEAR_3\EEEE3016_EMBEDDED_COMPUTING\COURSEWORK FILES\TEMPLATES FOR TASKS\20255163\TASK6_A\PROGRAM.ASM 617 : Found opcode in column 1. (bsf)
Warning[203] C:\USERS\JRHOL\ONEDRIVE\DOCUMENTS\UNIVERSITY_OF_NOTTINGHAM\EEE\YEAR_3\EEEE3016_EMBEDDED_COMPUTING\COURSEWORK FILES\TEMPLATES FOR TASKS\20255163\TASK6_A\PROGRAM.ASM 618 : Found opcode in column 1. (btfsc)
Warning[203] C:\USERS\JRHOL\ONEDRIVE\DOCUMENTS\UNIVERSITY_OF_NOTTINGHAM\EEE\YEAR_3\EEEE3016_EMBEDDED_COMPUTING\COURSEWORK FILES\TEMPLATES FOR TASKS\20255163\TASK6_A\PROGRAM.ASM 619 : Found opcode in column 1. (goto)
Warning[204] C:\USERS\JRHOL\ONEDRIVE\DOCUMENTS\UNIVERSITY_OF_NOTTINGHAM\EEE\YEAR_3\EEEE3016_EMBEDDED_COMPUTING\COURSEWORK FILES\TEMPLATES FOR TASKS\20255163\TASK6_A\PROGRAM.ASM 620 : Found pseudo-op in column 1. (movfw)
Warning[203] C:\USERS\JRHOL\ONEDRIVE\DOCUMENTS\UNIVERSITY_OF_NOTTINGHAM\EEE\YEAR_3\EEEE3016_EMBEDDED_COMPUTING\COURSEWORK FILES\TEMPLATES FOR TASKS\20255163\TASK6_A\PROGRAM.ASM 622 : Found opcode in column 1. (andlw)
Warning[203] C:\USERS\JRHOL\ONEDRIVE\DOCUMENTS\UNIVERSITY_OF_NOTTINGHAM\EEE\YEAR_3\EEEE3016_EMBEDDED_COMPUTING\COURSEWORK FILES\TEMPLATES FOR TASKS\20255163\TASK6_A\PROGRAM.ASM 623 : Found opcode in column 1. (movwf)
Warning[207] C:\USERS\JRHOL\ONEDRIVE\DOCUMENTS\UNIVERSITY_OF_NOTTINGHAM\EEE\YEAR_3\EEEE3016_EMBEDDED_COMPUTING\COURSEWORK FILES\TEMPLATES FOR TASKS\20255163\TASK6_A\PROGRAM.ASM 635 : Found label after column 1. (check_two)
Warning[207] C:\USERS\JRHOL\ONEDRIVE\DOCUMENTS\UNIVERSITY_OF_NOTTINGHAM\EEE\YEAR_3\EEEE3016_EMBEDDED_COMPUTING\COURSEWORK FILES\TEMPLATES FOR TASKS\20255163\TASK6_A\PROGRAM.ASM 646 : Found label after column 1. (check_three)
Warning[205] C:\USERS\JRHOL\ONEDRIVE\DOCUMENTS\UNIVERSITY_OF_NOTTINGHAM\EEE\YEAR_3\EEEE3016_EMBEDDED_COMPUTING\COURSEWORK FILES\TEMPLATES FOR TASKS\20255163\TASK6_A\PROGRAM.ASM 661 : Found directive in column 1. (end)
